[debug] [2025-08-14T19:42:58.223Z] ----------------------------------------------------------------------
[debug] [2025-08-14T19:42:58.229Z] Command:       C:\Program Files\nodejs\node.exe C:\Users\Ibrahim\AppData\Roaming\npm\node_modules\firebase-tools\lib\bin\firebase.js projects:create toddlerchef-ai --display-name ToddlerChef AI
[debug] [2025-08-14T19:42:58.230Z] CLI Version:   14.12.0
[debug] [2025-08-14T19:42:58.230Z] Platform:      win32
[debug] [2025-08-14T19:42:58.230Z] Node Version:  v24.4.1
[debug] [2025-08-14T19:42:58.230Z] Time:          Thu Aug 14 2025 20:42:58 GMT+0100 (British Summer Time)
[debug] [2025-08-14T19:42:58.230Z] ----------------------------------------------------------------------
[debug] 
[debug] [2025-08-14T19:42:58.237Z] > command requires scopes: ["email","openid","https://www.googleapis.com/auth/cloudplatformprojects.readonly","https://www.googleapis.com/auth/firebase","https://www.googleapis.com/auth/cloud-platform"]
[debug] [2025-08-14T19:42:58.238Z] > authorizing via signed-in user (ibrahim@kumonyall.co.uk)
[debug] [2025-08-14T19:42:58.246Z] Checked if tokens are valid: true, expires at: 1755203912074
[debug] [2025-08-14T19:42:58.246Z] Checked if tokens are valid: true, expires at: 1755203912074
[debug] [2025-08-14T19:42:58.248Z] >>> [apiv2][query] POST https://cloudresourcemanager.googleapis.com/v1/projects [none]
[debug] [2025-08-14T19:42:58.248Z] >>> [apiv2][body] POST https://cloudresourcemanager.googleapis.com/v1/projects {"projectId":"toddlerchef-ai","name":"ToddlerChef AI"}
[debug] [2025-08-14T19:43:00.056Z] <<< [apiv2][status] POST https://cloudresourcemanager.googleapis.com/v1/projects 200
[debug] [2025-08-14T19:43:00.057Z] <<< [apiv2][body] POST https://cloudresourcemanager.googleapis.com/v1/projects {"name":"operations/create_project.global.6888277433185209011"}
[debug] [2025-08-14T19:43:00.058Z] Checked if tokens are valid: true, expires at: 1755203912074
[debug] [2025-08-14T19:43:00.058Z] Checked if tokens are valid: true, expires at: 1755203912074
[debug] [2025-08-14T19:43:00.060Z] >>> [apiv2][query] GET https://cloudresourcemanager.googleapis.com/v1/operations/create_project.global.6888277433185209011 [none]
[debug] [2025-08-14T19:43:01.309Z] <<< [apiv2][status] GET https://cloudresourcemanager.googleapis.com/v1/operations/create_project.global.6888277433185209011 200
[debug] [2025-08-14T19:43:01.310Z] <<< [apiv2][body] GET https://cloudresourcemanager.googleapis.com/v1/operations/create_project.global.6888277433185209011 {"name":"operations/create_project.global.6888277433185209011"}
[debug] [2025-08-14T19:43:01.811Z] [Project Creation Poller] Retrying task index 0
[debug] [2025-08-14T19:43:01.812Z] Checked if tokens are valid: true, expires at: 1755203912074
[debug] [2025-08-14T19:43:01.812Z] Checked if tokens are valid: true, expires at: 1755203912074
[debug] [2025-08-14T19:43:01.812Z] >>> [apiv2][query] GET https://cloudresourcemanager.googleapis.com/v1/operations/create_project.global.6888277433185209011 [none]
[debug] [2025-08-14T19:43:02.100Z] <<< [apiv2][status] GET https://cloudresourcemanager.googleapis.com/v1/operations/create_project.global.6888277433185209011 200
[debug] [2025-08-14T19:43:02.101Z] <<< [apiv2][body] GET https://cloudresourcemanager.googleapis.com/v1/operations/create_project.global.6888277433185209011 {"name":"operations/create_project.global.6888277433185209011","metadata":{"@type":"type.googleapis.com/google.cloudresourcemanager.v1.ProjectCreationStatus","gettable":true,"ready":true},"done":true,"response":{"@type":"type.googleapis.com/google.cloudresourcemanager.v1.Project","projectNumber":"311740566187","projectId":"toddlerchef-ai","lifecycleState":"ACTIVE","name":"ToddlerChef AI","createTime":"2025-08-14T19:42:58.360990Z","parent":{"type":"organization","id":"297594602087"}}}
[debug] [2025-08-14T19:43:02.104Z] Checked if tokens are valid: true, expires at: 1755203912074
[debug] [2025-08-14T19:43:02.104Z] Checked if tokens are valid: true, expires at: 1755203912074
[debug] [2025-08-14T19:43:02.104Z] >>> [apiv2][query] POST https://firebase.googleapis.com/v1beta1/projects/toddlerchef-ai:addFirebase [none]
[debug] [2025-08-14T19:43:03.497Z] <<< [apiv2][status] POST https://firebase.googleapis.com/v1beta1/projects/toddlerchef-ai:addFirebase 403
[debug] [2025-08-14T19:43:03.498Z] <<< [apiv2][body] POST https://firebase.googleapis.com/v1beta1/projects/toddlerchef-ai:addFirebase {"error":{"code":403,"message":"The caller does not have permission","status":"PERMISSION_DENIED"}}
[debug] [2025-08-14T19:43:03.499Z] Request to https://firebase.googleapis.com/v1beta1/projects/toddlerchef-ai:addFirebase had HTTP Error: 403, The caller does not have permission
[debug] [2025-08-14T19:43:03.500Z] FirebaseError: Request to https://firebase.googleapis.com/v1beta1/projects/toddlerchef-ai:addFirebase had HTTP Error: 403, The caller does not have permission
    at responseToError (C:\Users\Ibrahim\AppData\Roaming\npm\node_modules\firebase-tools\lib\responseToError.js:52:12)
    at RetryOperation._fn (C:\Users\Ibrahim\AppData\Roaming\npm\node_modules\firebase-tools\lib\apiv2.js:312:77)
    at process.processTicksAndRejections (node:internal/process/task_queues:105:5)
[error] 
[error] Error: Failed to add Firebase to Google Cloud Platform project. See firebase-debug.log for more info.
[debug] [2025-08-14T20:01:29.761Z] ----------------------------------------------------------------------
[debug] [2025-08-14T20:01:29.764Z] Command:       C:\Program Files\nodejs\node.exe C:\Users\Ibrahim\AppData\Roaming\npm\node_modules\firebase-tools\lib\bin\firebase.js init
[debug] [2025-08-14T20:01:29.765Z] CLI Version:   14.12.0
[debug] [2025-08-14T20:01:29.765Z] Platform:      win32
[debug] [2025-08-14T20:01:29.765Z] Node Version:  v24.4.1
[debug] [2025-08-14T20:01:29.765Z] Time:          Thu Aug 14 2025 21:01:29 GMT+0100 (British Summer Time)
[debug] [2025-08-14T20:01:29.765Z] ----------------------------------------------------------------------
[debug] 
[debug] [2025-08-14T20:01:29.777Z] > command requires scopes: ["email","openid","https://www.googleapis.com/auth/cloudplatformprojects.readonly","https://www.googleapis.com/auth/firebase","https://www.googleapis.com/auth/cloud-platform"]
[debug] [2025-08-14T20:01:29.778Z] > authorizing via signed-in user (ibrahim@kumonyall.co.uk)
[info] 
     ######## #### ########  ######## ########     ###     ######  ########
     ##        ##  ##     ## ##       ##     ##  ##   ##  ##       ##
     ######    ##  ########  ######   ########  #########  ######  ######
     ##        ##  ##    ##  ##       ##     ## ##     ##       ## ##
     ##       #### ##     ## ######## ########  ##     ##  ######  ########

You're about to initialize a Firebase project in this directory:

  C:\Users\Ibrahim\Desktop\Toddlerlunch.AI\Webflow and Cursor Collab\toddlerchefai

[info] 
=== Project Setup
[info] 
[info] First, let's associate this project directory with a Firebase project.
[info] You can create multiple project aliases by running firebase use --add, 
[info] but for now we'll just set up a default project.
[info] 
[debug] [2025-08-14T20:08:24.003Z] Checked if tokens are valid: true, expires at: 1755203912074
[debug] [2025-08-14T20:08:24.004Z] Checked if tokens are valid: true, expires at: 1755203912074
[debug] [2025-08-14T20:08:24.007Z] >>> [apiv2][query] GET https://firebase.googleapis.com/v1beta1/projects pageSize=100
[debug] [2025-08-14T20:08:24.963Z] <<< [apiv2][status] GET https://firebase.googleapis.com/v1beta1/projects 200
[debug] [2025-08-14T20:08:24.963Z] <<< [apiv2][body] GET https://firebase.googleapis.com/v1beta1/projects [omitted]
[info] i  Using project toddlerchef-ai (ToddlerChef AI) 
[info] 
=== Firestore Setup
[info] i  firestore: ensuring required API firestore.googleapis.com is enabled... 
[debug] [2025-08-14T20:08:29.935Z] Checked if tokens are valid: true, expires at: 1755203912074
[debug] [2025-08-14T20:08:29.935Z] Checked if tokens are valid: true, expires at: 1755203912074
[debug] [2025-08-14T20:08:29.935Z] >>> [apiv2][query] GET https://serviceusage.googleapis.com/v1/projects/toddlerchef-ai/services/firestore.googleapis.com [none]
[debug] [2025-08-14T20:08:29.936Z] >>> [apiv2][(partial)header] GET https://serviceusage.googleapis.com/v1/projects/toddlerchef-ai/services/firestore.googleapis.com x-goog-quota-user=projects/toddlerchef-ai
[debug] [2025-08-14T20:08:31.616Z] <<< [apiv2][status] GET https://serviceusage.googleapis.com/v1/projects/toddlerchef-ai/services/firestore.googleapis.com 200
[debug] [2025-08-14T20:08:31.617Z] <<< [apiv2][body] GET https://serviceusage.googleapis.com/v1/projects/toddlerchef-ai/services/firestore.googleapis.com [omitted]
[info] +  firestore: required API firestore.googleapis.com is enabled 
[debug] [2025-08-14T20:08:31.628Z] Checked if tokens are valid: true, expires at: 1755203912074
[debug] [2025-08-14T20:08:31.628Z] Checked if tokens are valid: true, expires at: 1755203912074
[debug] [2025-08-14T20:08:31.628Z] >>> [apiv2][query] GET https://firestore.googleapis.com/v1/projects/toddlerchef-ai/databases [none]
[debug] [2025-08-14T20:08:32.559Z] <<< [apiv2][status] GET https://firestore.googleapis.com/v1/projects/toddlerchef-ai/databases 200
[debug] [2025-08-14T20:08:32.560Z] <<< [apiv2][body] GET https://firestore.googleapis.com/v1/projects/toddlerchef-ai/databases {"databases":[{"name":"projects/toddlerchef-ai/databases/(default)","uid":"83c0f0a4-e49d-411a-baae-3e1698f35ab3","createTime":"2025-08-14T20:00:17.926741Z","updateTime":"2025-08-14T20:00:17.926741Z","locationId":"me-central1","type":"FIRESTORE_NATIVE","concurrencyMode":"PESSIMISTIC","versionRetentionPeriod":"3600s","earliestVersionTime":"2025-08-14T20:00:17.926741Z","appEngineIntegrationMode":"DISABLED","pointInTimeRecoveryEnablement":"POINT_IN_TIME_RECOVERY_DISABLED","deleteProtectionState":"DELETE_PROTECTION_DISABLED","databaseEdition":"STANDARD","freeTier":true,"etag":"IPqpgrKNi48DMNW0yMeLi48D"}]}
[info] 
[info] Firestore Security Rules allow you to define how and when to allow
[info] requests. You can keep these rules in your project directory
[info] and publish them with firebase deploy.
[info] 
[debug] [2025-08-14T20:09:17.586Z] Checked if tokens are valid: true, expires at: 1755203912074
[debug] [2025-08-14T20:09:17.586Z] Checked if tokens are valid: true, expires at: 1755203912074
[debug] [2025-08-14T20:09:17.591Z] >>> [apiv2][query] GET https://firebaserules.googleapis.com/v1/projects/toddlerchef-ai/releases pageSize=10&pageToken=
[debug] [2025-08-14T20:09:18.271Z] <<< [apiv2][status] GET https://firebaserules.googleapis.com/v1/projects/toddlerchef-ai/releases 200
[debug] [2025-08-14T20:09:18.271Z] <<< [apiv2][body] GET https://firebaserules.googleapis.com/v1/projects/toddlerchef-ai/releases {"releases":[{"name":"projects/toddlerchef-ai/releases/cloud.firestore","rulesetName":"projects/toddlerchef-ai/rulesets/db395858-15ce-4d49-af0f-0d7b5caf85ca","createTime":"2025-08-14T20:00:25.313342Z","updateTime":"2025-08-14T20:00:25.313342Z"}]}
[debug] [2025-08-14T20:09:18.273Z] Checked if tokens are valid: true, expires at: 1755203912074
[debug] [2025-08-14T20:09:18.274Z] Checked if tokens are valid: true, expires at: 1755203912074
[debug] [2025-08-14T20:09:18.274Z] >>> [apiv2][query] GET https://firebaserules.googleapis.com/v1/projects/toddlerchef-ai/rulesets/db395858-15ce-4d49-af0f-0d7b5caf85ca [none]
[debug] [2025-08-14T20:09:19.018Z] <<< [apiv2][status] GET https://firebaserules.googleapis.com/v1/projects/toddlerchef-ai/rulesets/db395858-15ce-4d49-af0f-0d7b5caf85ca 200
[debug] [2025-08-14T20:09:19.019Z] <<< [apiv2][body] GET https://firebaserules.googleapis.com/v1/projects/toddlerchef-ai/rulesets/db395858-15ce-4d49-af0f-0d7b5caf85ca [omitted]
[info] i  Downloaded the existing Firestore Security Rules from the Firebase console 
[info] 
[info] Firestore indexes allow you to perform complex queries while
[info] maintaining performance that scales with the size of the result
[info] set. You can keep index definitions in your project directory
[info] and publish them with firebase deploy.
[info] 
[debug] [2025-08-14T20:10:02.283Z] Checked if tokens are valid: true, expires at: 1755203912074
[debug] [2025-08-14T20:10:02.285Z] Checked if tokens are valid: true, expires at: 1755203912074
[debug] [2025-08-14T20:10:02.288Z] Checked if tokens are valid: true, expires at: 1755203912074
[debug] [2025-08-14T20:10:02.291Z] Checked if tokens are valid: true, expires at: 1755203912074
[debug] [2025-08-14T20:10:02.292Z] >>> [apiv2][query] GET https://firestore.googleapis.com/v1/projects/toddlerchef-ai/databases/(default)/collectionGroups/-/indexes [none]
[debug] [2025-08-14T20:10:02.296Z] >>> [apiv2][query] GET https://firestore.googleapis.com/v1/projects/toddlerchef-ai/databases/(default)/collectionGroups/-/fields?filter=indexConfig.usesAncestorConfig=false OR ttlConfig:* [none]
[debug] [2025-08-14T20:10:02.946Z] <<< [apiv2][status] GET https://firestore.googleapis.com/v1/projects/toddlerchef-ai/databases/(default)/collectionGroups/-/indexes 200
[debug] [2025-08-14T20:10:02.946Z] <<< [apiv2][body] GET https://firestore.googleapis.com/v1/projects/toddlerchef-ai/databases/(default)/collectionGroups/-/indexes {}
[debug] [2025-08-14T20:10:03.339Z] <<< [apiv2][status] GET https://firestore.googleapis.com/v1/projects/toddlerchef-ai/databases/(default)/collectionGroups/-/fields?filter=indexConfig.usesAncestorConfig=false OR ttlConfig:* 200
[debug] [2025-08-14T20:10:03.339Z] <<< [apiv2][body] GET https://firestore.googleapis.com/v1/projects/toddlerchef-ai/databases/(default)/collectionGroups/-/fields?filter=indexConfig.usesAncestorConfig=false OR ttlConfig:* {"fields":[{"name":"projects/toddlerchef-ai/databases/(default)/collectionGroups/__default__/fields/*","indexConfig":{"indexes":[{"queryScope":"COLLECTION","fields":[{"fieldPath":"*","order":"ASCENDING"}],"state":"READY"},{"queryScope":"COLLECTION","fields":[{"fieldPath":"*","order":"DESCENDING"}],"state":"READY"},{"queryScope":"COLLECTION","fields":[{"fieldPath":"*","arrayConfig":"CONTAINS"}],"state":"READY"}]}}]}
[info] i  Downloaded the existing Firestore indexes from the Firebase console 
[info] +  Wrote firestore.rules 
[debug] [2025-08-14T20:10:03.348Z] Error: ENOENT: no such file or directory, open 'C:\Users\Ibrahim\Desktop\Toddlerlunch.AI\Webflow and Cursor Collab\toddlerchefai\how do I do this?'
    at Object.writeFileSync (node:fs:2410:20)
    at Object.createFileSync (C:\Users\Ibrahim\AppData\Roaming\npm\node_modules\firebase-tools\node_modules\fs-extra\lib\ensure\file.js:63:6)
    at Config.writeProjectFile (C:\Users\Ibrahim\AppData\Roaming\npm\node_modules\firebase-tools\lib\config.js:160:12)
    at Object.actuate (C:\Users\Ibrahim\AppData\Roaming\npm\node_modules\firebase-tools\lib\init\features\firestore\index.js:89:16)
    at init (C:\Users\Ibrahim\AppData\Roaming\npm\node_modules\firebase-tools\lib\init\index.js:72:25)
    at process.processTicksAndRejections (node:internal/process/task_queues:105:5)
    at async Command.initAction [as actionFn] (C:\Users\Ibrahim\AppData\Roaming\npm\node_modules\firebase-tools\lib\commands\init.js:209:5)
[error] 
[error] Error: An unexpected error has occurred.
